  main_test.cpp
C:\Users\Alexander Campbell\source\repos\saturday_acse5_coursework\acse-5-assignment-git_pullers\Matrix\CSRMatrix.cpp(387,1): warning C4267: '=': conversion from 'size_t' to 'int', possible loss of data
C:\Users\Alexander Campbell\source\repos\saturday_acse5_coursework\acse-5-assignment-git_pullers\Matrix\CSRMatrix.cpp(227): message : while compiling class template member function 'void CSRMatrix<double>::matMatMult(CSRMatrix<double> &,CSRMatrix<double> &)'
C:\Users\Alexander Campbell\source\repos\saturday_acse5_coursework\acse-5-assignment-git_pullers\Matrix\CSRMatrix.cpp(442): message : see reference to function template instantiation 'void CSRMatrix<double>::matMatMult(CSRMatrix<double> &,CSRMatrix<double> &)' being compiled
C:\Users\Alexander Campbell\source\repos\saturday_acse5_coursework\acse-5-assignment-git_pullers\Matrix\CSRMatrix.cpp(50): message : while compiling class template member function 'CSRMatrix<double>::CSRMatrix(Matrix<double> &)'
C:\Users\Alexander Campbell\source\repos\saturday_acse5_coursework\acse-5-assignment-git_pullers\Matrix\main_test.cpp(88): message : see reference to function template instantiation 'CSRMatrix<double>::CSRMatrix(Matrix<double> &)' being compiled
C:\Users\Alexander Campbell\source\repos\saturday_acse5_coursework\acse-5-assignment-git_pullers\Matrix\CSRMatrix.cpp(462): message : see reference to class template instantiation 'CSRMatrix<double>' being compiled
C:\Users\Alexander Campbell\source\repos\saturday_acse5_coursework\acse-5-assignment-git_pullers\Matrix\CSRMatrix.cpp(398,46): warning C4244: '=': conversion from '_Ty' to 'int', possible loss of data
          with
          [
              _Ty=double
          ]
C:\Users\Alexander Campbell\source\repos\saturday_acse5_coursework\acse-5-assignment-git_pullers\Matrix\CSRMatrix.cpp(402,58): warning C4244: '=': conversion from '_Ty' to 'int', possible loss of data
          with
          [
              _Ty=double
          ]
  Matrix.cpp
  main_test_constructor.cpp
C:\Users\Alexander Campbell\source\repos\saturday_acse5_coursework\acse-5-assignment-git_pullers\Matrix\main_test_constructor.cpp(55,17): warning C4244: 'initializing': conversion from 'double' to 'float', possible loss of data
C:\Users\Alexander Campbell\source\repos\saturday_acse5_coursework\acse-5-assignment-git_pullers\Matrix\main_test_constructor.cpp(339,17): warning C4244: 'initializing': conversion from 'double' to 'float', possible loss of data
C:\Users\Alexander Campbell\source\repos\saturday_acse5_coursework\acse-5-assignment-git_pullers\Matrix\CSRMatrix.cpp(387,1): warning C4267: '=': conversion from 'size_t' to 'int', possible loss of data
C:\Users\Alexander Campbell\source\repos\saturday_acse5_coursework\acse-5-assignment-git_pullers\Matrix\CSRMatrix.cpp(227): message : while compiling class template member function 'void CSRMatrix<double>::matMatMult(CSRMatrix<double> &,CSRMatrix<double> &)'
C:\Users\Alexander Campbell\source\repos\saturday_acse5_coursework\acse-5-assignment-git_pullers\Matrix\CSRMatrix.cpp(442): message : see reference to function template instantiation 'void CSRMatrix<double>::matMatMult(CSRMatrix<double> &,CSRMatrix<double> &)' being compiled
C:\Users\Alexander Campbell\source\repos\saturday_acse5_coursework\acse-5-assignment-git_pullers\Matrix\CSRMatrix.cpp(50): message : while compiling class template member function 'CSRMatrix<double>::CSRMatrix(Matrix<double> &)'
C:\Users\Alexander Campbell\source\repos\saturday_acse5_coursework\acse-5-assignment-git_pullers\Matrix\main_test_constructor.cpp(38): message : see reference to function template instantiation 'CSRMatrix<double>::CSRMatrix(Matrix<double> &)' being compiled
C:\Users\Alexander Campbell\source\repos\saturday_acse5_coursework\acse-5-assignment-git_pullers\Matrix\CSRMatrix.cpp(462): message : see reference to class template instantiation 'CSRMatrix<double>' being compiled
C:\Users\Alexander Campbell\source\repos\saturday_acse5_coursework\acse-5-assignment-git_pullers\Matrix\CSRMatrix.cpp(398,46): warning C4244: '=': conversion from '_Ty' to 'int', possible loss of data
          with
          [
              _Ty=double
          ]
C:\Users\Alexander Campbell\source\repos\saturday_acse5_coursework\acse-5-assignment-git_pullers\Matrix\CSRMatrix.cpp(402,58): warning C4244: '=': conversion from '_Ty' to 'int', possible loss of data
          with
          [
              _Ty=double
          ]
  CSRMatrix.cpp
C:\Users\Alexander Campbell\source\repos\saturday_acse5_coursework\acse-5-assignment-git_pullers\Matrix\CSRMatrix.cpp(387,1): warning C4267: '=': conversion from 'size_t' to 'int', possible loss of data
C:\Users\Alexander Campbell\source\repos\saturday_acse5_coursework\acse-5-assignment-git_pullers\Matrix\CSRMatrix.cpp(227): message : while compiling class template member function 'void CSRMatrix<double>::matMatMult(CSRMatrix<double> &,CSRMatrix<double> &)'
C:\Users\Alexander Campbell\source\repos\saturday_acse5_coursework\acse-5-assignment-git_pullers\Matrix\CSRMatrix.cpp(442): message : see reference to function template instantiation 'void CSRMatrix<double>::matMatMult(CSRMatrix<double> &,CSRMatrix<double> &)' being compiled
C:\Users\Alexander Campbell\source\repos\saturday_acse5_coursework\acse-5-assignment-git_pullers\Matrix\CSRMatrix.cpp(111): message : while compiling class template member function 'CSRMatrix<double>::~CSRMatrix(void)'
C:\Users\Alexander Campbell\source\repos\saturday_acse5_coursework\acse-5-assignment-git_pullers\Matrix\CSRMatrix.cpp(462): message : see reference to class template instantiation 'CSRMatrix<double>' being compiled
C:\Users\Alexander Campbell\source\repos\saturday_acse5_coursework\acse-5-assignment-git_pullers\Matrix\CSRMatrix.cpp(398,46): warning C4244: '=': conversion from '_Ty' to 'int', possible loss of data
          with
          [
              _Ty=double
          ]
C:\Users\Alexander Campbell\source\repos\saturday_acse5_coursework\acse-5-assignment-git_pullers\Matrix\CSRMatrix.cpp(402,58): warning C4244: '=': conversion from '_Ty' to 'int', possible loss of data
          with
          [
              _Ty=double
          ]
  Generating Code...
  Matrix.vcxproj -> C:\Users\Alexander Campbell\source\repos\saturday_acse5_coursework\acse-5-assignment-git_pullers\x64\Debug\Matrix.exe
